2020-08-09T01:05:10.544Z[my-banl-api  info: API started a file created!]
2020-08-09T01:05:23.391Z[my-banl-api  error: ENOENT: no such file or directory, open 'C:\Users\thuan\Documents\Thuane Transition do Software Engineering\IGTI Bootcamp\FullStack_Bootcamp_IGTI\BootcampFullStack_IGTI\modulo2\my-bank-api\accounts.json']
2020-08-09T01:06:30.204Z[my-banl-api  info: API started a file created!]
2020-08-09T01:06:43.589Z[my-banl-api  info: API started]
2020-08-09T01:06:48.887Z[my-banl-api  info: API started]
2020-08-09T01:06:52.344Z[my-banl-api  info: API started]
2020-08-09T01:06:57.276Z[my-banl-api  info: API started]
2020-08-09T01:07:01.559Z[my-banl-api  info: API started]
2020-08-09T01:07:04.715Z[my-banl-api  info: API started]
2020-08-09T01:07:24.098Z[my-banl-api  info: API started]
2020-08-09T01:07:47.004Z[my-banl-api  info: API started]
2020-08-09T01:07:55.611Z[my-banl-api  info: API started]
2020-08-09T01:08:01.753Z[my-banl-api  info: API started]
2020-08-09T01:08:08.055Z[my-banl-api  info: API started]
2020-08-09T01:09:21.979Z[my-banl-api  info: API started]
2020-08-09T01:09:28.092Z[my-banl-api  info: API started]
2020-08-09T01:09:32.458Z[my-banl-api  info: API started]
2020-08-09T01:09:56.667Z[my-banl-api  info: API started]
2020-08-09T01:10:04.709Z[my-banl-api  info: API started]
2020-08-09T01:10:10.073Z[my-banl-api  info: API started]
2020-08-09T01:10:15.823Z[my-banl-api  info: API started]
2020-08-09T01:10:20.791Z[my-banl-api  info: API started]
2020-08-09T01:10:46.635Z[my-banl-api  info: API started]
2020-08-09T01:11:18.864Z[my-banl-api  info: API started]
2020-08-09T01:11:24.782Z[my-banl-api  info: API started]
2020-08-09T01:11:54.195Z[my-banl-api  info: API started]
2020-08-09T01:12:07.203Z[my-banl-api  info: API started]
2020-08-09T01:12:46.805Z[my-banl-api  info: POST/ account - {"id":2,"name":"SOU FULL STACK","balance":10000}]
2020-08-09T01:12:58.760Z[my-banl-api  info: POST/ account - {"id":3,"name":"blalala","balance":10000}]
2020-08-09T01:13:06.798Z[my-banl-api  info: DELETE /account/:id, 2]
2020-08-09T01:13:16.103Z[my-banl-api  info: GET/account]
2020-08-09T01:13:24.163Z[my-banl-api  info: GET/account/:id]
2020-08-09T01:16:59.469Z[my-banl-api  info: API started]
2020-08-09T01:17:34.432Z[my-banl-api  info: API started]
2020-08-09T01:17:46.396Z[my-banl-api  info: API started]
2020-08-09T01:17:50.950Z[my-banl-api  info: API started]
2020-08-09T01:18:06.846Z[my-banl-api  info: API started]
2020-08-09T01:18:33.571Z[my-banl-api  info: POST/ account - {"id":4,"balance":10000}]
2020-08-09T01:18:50.539Z[my-banl-api  info: API started]
2020-08-09T01:18:55.586Z[my-banl-api  info: POST/ account - {"id":5,"balance":10000}]
2020-08-09T01:19:40.081Z[my-banl-api  error: Unexpected end of JSON input]
2020-08-09T01:20:09.102Z[my-banl-api  info: API started]
2020-08-09T01:20:42.916Z[my-banl-api  error: Unexpected end of JSON input]
2020-08-09T01:21:01.184Z[my-banl-api  error: ENOENT: no such file or directory, open 'C:\Users\thuan\Documents\Thuane Transition do Software Engineering\IGTI Bootcamp\FullStack_Bootcamp_IGTI\BootcampFullStack_IGTI\modulo2\my-bank-api\accounts.json']
2020-08-09T01:21:09.483Z[my-banl-api  info: API started a file created!]
2020-08-09T01:21:15.960Z[my-banl-api  info: POST/ account - {"id":2,"name":"Thuane","balance":10000}]
2020-08-09T01:21:34.314Z[my-banl-api  error:  Name and balance needed.]
2020-08-09T01:22:36.674Z[my-banl-api  info: API started]
2020-08-09T01:22:52.628Z[my-banl-api  error:  Name and balance needed.]
2020-08-09T01:22:59.499Z[my-banl-api  error:  Name and balance needed.]
2020-08-09T01:23:27.057Z[my-banl-api  info: API started]
2020-08-09T01:23:29.544Z[my-banl-api  error:  Name and balance needed.]
2020-08-09T01:23:34.894Z[my-banl-api  error:  Name and balance needed.]
2020-08-09T01:23:57.514Z[my-banl-api  info: API started]
2020-08-09T01:24:02.729Z[my-banl-api  error:  Name and balance needed.]
2020-08-09T01:24:18.650Z[my-banl-api  error:  Name and balance needed.]
2020-08-09T01:24:32.156Z[my-banl-api  info: API started a file created!]
2020-08-09T01:24:50.954Z[my-banl-api  error:  Name and balance needed.]
2020-08-09T01:25:41.132Z[my-banl-api  info: POST/ account - {"id":2,"name":"Thuane 4","balance":2500}]
2020-08-09T01:25:49.657Z[my-banl-api  error:  Name and balance needed.]
2020-08-09T01:25:51.095Z[my-banl-api  error:  Name and balance needed.]
2020-08-09T01:25:59.289Z[my-banl-api  info: API started]
2020-08-09T01:26:31.532Z[my-banl-api  info: API started]
2020-08-09T01:26:33.914Z[my-banl-api  error:  Name and balance needed.]
2020-08-09T01:26:41.219Z[my-banl-api  error:  Name and balance needed.]
2020-08-09T01:26:47.414Z[my-banl-api  info: API started]
2020-08-09T01:27:04.051Z[my-banl-api  error:  Name and balance needed.]
2020-08-09T01:27:26.731Z[my-banl-api  info: API started a file created!]
2020-08-09T01:27:31.526Z[my-banl-api  error:  Name and balance needed.]
2020-08-09T01:28:01.480Z[my-banl-api  info: API started]
2020-08-09T01:28:07.884Z[my-banl-api  error:  Name and balance needed.]
2020-08-09T01:28:12.611Z[my-banl-api  info: POST/ account - {"id":2,"name":"aaa","balance":12}]
2020-08-09T01:29:06.121Z[my-banl-api  info: API started]
2020-08-09T01:29:13.435Z[my-banl-api  error:  Name and balance needed.]
2020-08-09T01:30:17.704Z[my-banl-api  info: API started]
2020-08-09T01:30:37.972Z[my-banl-api  info: API started]
2020-08-09T01:30:43.743Z[my-banl-api  info: API started]
2020-08-09T01:31:14.772Z[my-banl-api  info: API started]
2020-08-09T01:31:51.424Z[my-banl-api  info: API started]
2020-08-09T01:32:06.868Z[my-banl-api  info: API started]
2020-08-09T01:32:42.378Z[my-banl-api  error:  Name and balance needed.]
2020-08-09T01:32:49.156Z[my-banl-api  info: POST/ account - {"id":2,"name":"aaa","balance":123}]
2020-08-09T01:32:49.469Z[my-banl-api  info: POST/ account - {"id":3,"name":"aaa","balance":123}]
2020-08-09T01:32:50.896Z[my-banl-api  info: POST/ account - {"id":4,"name":"aaa","balance":123}]
2020-08-09T01:34:43.291Z[my-banl-api  info: API started]
2020-08-09T01:36:01.723Z[my-banl-api  info: API started]
2020-08-09T01:36:13.794Z[my-banl-api  info: API started]
2020-08-09T01:36:44.454Z[my-banl-api  error: Registro não encontrado]
2020-08-09T01:37:58.662Z[my-banl-api  info: API started]
2020-08-09T01:38:39.489Z[my-banl-api  info: API started]
2020-08-09T01:38:49.749Z[my-banl-api  info: API started]
2020-08-09T01:39:13.563Z[my-banl-api  info: API started]
2020-08-09T01:39:48.010Z[my-banl-api  info: API started]
2020-08-09T01:41:41.684Z[my-banl-api  info: API started]
2020-08-09T01:42:30.305Z[my-banl-api  info: API started]
2020-08-09T01:42:42.884Z[my-banl-api  info: API started]
2020-08-09T01:43:33.135Z[my-banl-api  info: API started]
2020-08-09T01:44:16.312Z[my-banl-api  info: API started]
2020-08-09T01:44:29.530Z[my-banl-api  info: POST/ account - {"id":5,"name":"aaaaaa","balance":0}]
